#
# There is insufficient memory for the Java Runtime Environment to continue.
# Native memory allocation (malloc) failed to allocate 1805296 bytes for Chunk::new
# Possible reasons:
#   The system is out of physical RAM or swap space
#   The process is running with CompressedOops enabled, and the Java Heap may be blocking the growth of the native heap
# Possible solutions:
#   Reduce memory load on the system
#   Increase physical memory or swap space
#   Check if swap backing store is full
#   Decrease Java heap size (-Xmx/-Xms)
#   Decrease number of Java threads
#   Decrease Java thread stack sizes (-Xss)
#   Set larger code cache with -XX:ReservedCodeCacheSize=
#   JVM is running with Unscaled Compressed Oops mode in which the Java heap is
#     placed in the first 4GB address space. The Java Heap base address is the
#     maximum limit for the native heap growth. Please use -XX:HeapBaseMinAddress
#     to set the Java Heap base and to place the Java Heap above 4GB virtual address.
# This output file may be truncated or incomplete.
#
#  Out of Memory Error (allocation.cpp:389), pid=15744, tid=0x0000000000003688
#
# JRE version: OpenJDK Runtime Environment (8.0_202-b03) (build 1.8.0_202-release-1483-b03)
# Java VM: OpenJDK 64-Bit Server VM (25.202-b03 mixed mode windows-amd64 compressed oops)
# Failed to write core dump. Minidumps are not enabled by default on client versions of Windows
#

---------------  T H R E A D  ---------------

Current thread (0x000000001623f000):  JavaThread "C2 CompilerThread1" daemon [_thread_in_native, id=13960, stack(0x00000000179d0000,0x0000000017ad0000)]

Stack: [0x00000000179d0000,0x0000000017ad0000]
[error occurred during error reporting (printing stack bounds), id 0xc0000005]

Native frames: (J=compiled Java code, j=interpreted, Vv=VM code, C=native code)


Current CompileTask:
C2:12130173 28881 %     4       com.android.tools.r8.ir.code.IRCode::b @ 436 (1148 bytes)


---------------  P R O C E S S  ---------------

Java Threads: ( => current thread )
  0x000000001bb59000 JavaThread "WorkerExecutor Queue Thread 8" [_thread_blocked, id=6192, stack(0x000000002f6e0000,0x000000002f7e0000)]
  0x000000001bd56000 JavaThread "Cache worker for Java compile cache (C:\Users\bs\AndroidStudioProjects\optionsMenuDemo\.gradle\5.4.1\javaCompile)" [_thread_blocked, id=16152, stack(0x0000000027570000,0x0000000027670000)]
  0x000000001bb53000 JavaThread "stdout" [_thread_in_native, id=8292, stack(0x000000002ec50000,0x000000002ed50000)]
  0x000000001bb57800 JavaThread "stderr" [_thread_in_native, id=6600, stack(0x000000002eb50000,0x000000002ec50000)]
  0x000000001bb56000 JavaThread "stdout" [_thread_in_native, id=14016, stack(0x0000000028370000,0x0000000028470000)]
  0x000000001bb53800 JavaThread "stderr" [_thread_in_native, id=16988, stack(0x0000000028270000,0x0000000028370000)]
  0x000000001c5d9000 JavaThread "stdout" [_thread_in_native, id=3428, stack(0x0000000027b70000,0x0000000027c70000)]
  0x000000001c5d8800 JavaThread "stderr" [_thread_in_native, id=8636, stack(0x0000000027a70000,0x0000000027b70000)]
  0x000000001c5da800 JavaThread "stdout" [_thread_in_native, id=16232, stack(0x0000000027970000,0x0000000027a70000)]
  0x000000001c5d7800 JavaThread "stderr" [_thread_in_native, id=12372, stack(0x0000000027870000,0x0000000027970000)]
  0x000000001c5d7000 JavaThread "pool-35-thread-1" [_thread_blocked, id=16428, stack(0x0000000027770000,0x0000000027870000)]
  0x000000001c5d6000 JavaThread "WorkerExecutor Queue Thread 4" [_thread_blocked, id=11544, stack(0x0000000027670000,0x0000000027770000)]
  0x000000001c5ce000 JavaThread "WorkerExecutor Queue" [_thread_blocked, id=4856, stack(0x0000000026170000,0x0000000026270000)]
  0x000000001c5d4800 JavaThread "Cache worker for execution history cache (C:\Users\bs\AndroidStudioProjects\optionsMenuDemo\.gradle\5.4.1\executionHistory)" [_thread_blocked, id=1120, stack(0x0000000025f70000,0x0000000026070000)]
  0x000000001c5cd000 JavaThread "Execution worker for ':' Thread 3" [_thread_blocked, id=4700, stack(0x0000000024f70000,0x0000000025070000)]
  0x000000001c5d0000 JavaThread "Execution worker for ':' Thread 2" [_thread_blocked, id=8164, stack(0x0000000021f00000,0x0000000022000000)]
  0x000000001c5d4000 JavaThread "Execution worker for ':'" [_thread_in_Java, id=11916, stack(0x0000000021100000,0x0000000021200000)]
  0x000000001b724800 JavaThread "Cache worker for file content cache (C:\Users\bs\AndroidStudioProjects\optionsMenuDemo\.gradle\5.4.1\fileContent)" [_thread_blocked, id=10944, stack(0x0000000020a00000,0x0000000020b00000)]
  0x000000001b722800 JavaThread "Cache worker for Build Output Cleanup Cache (C:\Users\bs\AndroidStudioProjects\optionsMenuDemo\.gradle\buildOutputCleanup)" [_thread_blocked, id=1348, stack(0x00000000203a0000,0x00000000204a0000)]
  0x000000001b721800 JavaThread "Build operations Thread 4" [_thread_blocked, id=8772, stack(0x00000000202a0000,0x00000000203a0000)]
  0x000000001b726000 JavaThread "Build operations Thread 3" [_thread_blocked, id=9372, stack(0x000000001fca0000,0x000000001fda0000)]
  0x000000001b727800 JavaThread "Build operations Thread 2" [_thread_blocked, id=6100, stack(0x000000001fba0000,0x000000001fca0000)]
  0x000000001b727000 JavaThread "Build operations" [_thread_blocked, id=16124, stack(0x000000001e290000,0x000000001e390000)]
  0x000000001b723000 JavaThread "Cache worker for cache directory md-rule (C:\Users\bs\.gradle\caches\5.4.1\md-rule)" [_thread_blocked, id=9336, stack(0x000000001ab20000,0x000000001ac20000)]
  0x000000001b725800 JavaThread "Cache worker for cache directory md-supplier (C:\Users\bs\.gradle\caches\5.4.1\md-supplier)" [_thread_blocked, id=12500, stack(0x000000001aa20000,0x000000001ab20000)]
  0x000000001b728800 JavaThread "Cache worker for file hash cache (C:\Users\bs\AndroidStudioProjects\optionsMenuDemo\.gradle\5.4.1\fileHashes)" [_thread_in_Java, id=1924, stack(0x000000001a920000,0x000000001aa20000)]
  0x000000001b724000 JavaThread "Thread-332" [_thread_blocked, id=2296, stack(0x000000001a820000,0x000000001a920000)]
  0x000000001b721000 JavaThread "Asynchronous log dispatcher for DefaultDaemonConnection: socket connection from /127.0.0.1:54058 to /127.0.0.1:55032" [_thread_blocked, id=11692, stack(0x000000001a420000,0x000000001a520000)]
  0x000000001b71f800 JavaThread "Daemon worker Thread 11" [_thread_in_Java, id=11472, stack(0x000000001a320000,0x000000001a420000)]
  0x000000001b71b000 JavaThread "Cancel handler" [_thread_blocked, id=8040, stack(0x0000000000d30000,0x0000000000e30000)]
  0x000000001b720000 JavaThread "Handler for socket connection from /127.0.0.1:54058 to /127.0.0.1:55032" [_thread_in_native, id=1644, stack(0x0000000000c10000,0x0000000000d10000)]
  0x000000001b719800 JavaThread "Daemon Thread 11" [_thread_blocked, id=17788, stack(0x0000000000b10000,0x0000000000c10000)]
  0x000000001c5d1800 JavaThread "Cache worker for Java compile cache (C:\Users\bs\.gradle\caches\5.4.1\javaCompile)" [_thread_blocked, id=6740, stack(0x0000000026b70000,0x0000000026c70000)]
  0x000000001bb52000 JavaThread "MarlinRenderer Disposer" daemon [_thread_blocked, id=8712, stack(0x0000000026f70000,0x0000000027070000)]
  0x000000001bb55000 JavaThread "Java2D Disposer" daemon [_thread_blocked, id=15952, stack(0x0000000026e70000,0x0000000026f70000)]
  0x000000001bd54000 JavaThread "RMI Reaper" [_thread_blocked, id=1500, stack(0x0000000026670000,0x0000000026770000)]
  0x000000001bd57000 JavaThread "RMI TCP Accept-0" daemon [_thread_in_native, id=5224, stack(0x0000000026570000,0x0000000026670000)]
  0x000000001bd5a000 JavaThread "GC Daemon" daemon [_thread_blocked, id=15536, stack(0x0000000026270000,0x0000000026370000)]
  0x0000000019712800 JavaThread "RMI Scheduler(0)" daemon [_thread_blocked, id=2072, stack(0x0000000026070000,0x0000000026170000)]
  0x000000001c5db800 JavaThread "Cache worker for file content cache (C:\Users\bs\.gradle\caches\5.4.1\fileContent)" [_thread_blocked, id=8860, stack(0x0000000020900000,0x0000000020a00000)]
  0x000000001c5cf800 JavaThread "Memory manager" [_thread_blocked, id=5840, stack(0x0000000021c00000,0x0000000021d00000)]
  0x000000001970f000 JavaThread "Cache worker for execution history cache (C:\Users\bs\.gradle\caches\5.4.1\executionHistory)" [_thread_blocked, id=15208, stack(0x000000001fda0000,0x000000001fea0000)]
  0x000000001970f800 JavaThread "Cache worker for journal cache (C:\Users\bs\.gradle\caches\journal-1)" [_thread_in_Java, id=13816, stack(0x000000001b020000,0x000000001b120000)]
  0x0000000019710800 JavaThread "File lock request listener" [_thread_in_native, id=6148, stack(0x000000001ad20000,0x000000001ae20000)]
  0x000000001977a000 JavaThread "Cache worker for file hash cache (C:\Users\bs\.gradle\caches\5.4.1\fileHashes)" [_thread_blocked, id=18020, stack(0x000000001ac20000,0x000000001ad20000)]
  0x00000000193ea000 JavaThread "Daemon periodic checks" [_thread_blocked, id=552, stack(0x000000001a220000,0x000000001a320000)]
  0x00000000193e6000 JavaThread "Incoming local TCP Connector on port 54058" [_thread_in_native, id=15276, stack(0x0000000019fe0000,0x000000001a0e0000)]
  0x00000000195fe800 JavaThread "Daemon health stats" [_thread_blocked, id=5440, stack(0x00000000199a0000,0x0000000019aa0000)]
  0x0000000017c10800 JavaThread "Service Thread" daemon [_thread_blocked, id=8276, stack(0x0000000017fd0000,0x00000000180d0000)]
  0x000000001624b800 JavaThread "C1 CompilerThread2" daemon [_thread_blocked, id=15176, stack(0x0000000017ad0000,0x0000000017bd0000)]
=>0x000000001623f000 JavaThread "C2 CompilerThread1" daemon [_thread_in_native, id=13960, stack(0x00000000179d0000,0x0000000017ad0000)]
  0x0000000016239800 JavaThread "C2 CompilerThread0" daemon [_thread_in_vm, id=15400, stack(0x00000000178d0000,0x00000000179d0000)]
  0x0000000016246800 JavaThread "Attach Listener" daemon [_thread_blocked, id=264, stack(0x00000000177d0000,0x00000000178d0000)]
  0x0000000016245000 JavaThread "Signal Dispatcher" daemon [_thread_blocked, id=18420, stack(0x00000000176d0000,0x00000000177d0000)]
  0x00000000028cb000 JavaThread "Finalizer" daemon [_thread_blocked, id=18276, stack(0x00000000174d0000,0x00000000175d0000)]
  0x00000000028c1000 JavaThread "Reference Handler" daemon [_thread_blocked, id=11864, stack(0x00000000173d0000,0x00000000174d0000)]
  0x00000000027cd800 JavaThread "main" [_thread_blocked, id=17600, stack(0x0000000002670000,0x0000000002770000)]

Other Threads:
  0x0000000016206800 VMThread [stack: 0x00000000172d0000,0x00000000173d0000] [id=11996]
  0x0000000017c11800 WatcherThread [stack: 0x00000000180d0000,0x00000000181d0000] [id=16920]

VM state:not at safepoint (normal execution)

VM Mutex/Monitor currently owned by a thread:  ([mutex/lock_event])
[0x00000000027cc0b0] CodeCache_lock - owner thread: 0x0000000016239800

heap address: 0x00000000a0000000, size: 1536 MB, Compressed Oops mode: 32-bit
Narrow klass base: 0x0000000000000000, Narrow klass shift: 3
Compressed class space size: 1073741824 Address: 0x0000000100000000

Heap:
 PSYoungGen      total 458752K, used 168162K [0x00000000e0000000, 0x0000000100000000, 0x0000000100000000)
  eden space 402432K, 30% used [0x00000000e0000000,0x00000000e7834780,0x00000000f8900000)
  from space 56320K, 80% used [0x00000000fc900000,0x00000000ff5043f8,0x0000000100000000)
  to   space 60928K, 0% used [0x00000000f8900000,0x00000000f8900000,0x00000000fc480000)
 ParOldGen       total 156160K, used 83068K [0x00000000a0000000, 0x00000000a9880000, 0x00000000e0000000)
  object space 156160K, 53% used [0x00000000a0000000,0x00000000a511f0d0,0x00000000a9880000)
 Metaspace       used 113769K, capacity 121358K, committed 121560K, reserved 1155072K
  class space    used 14513K, capacity 15785K, committed 15832K, reserved 1048576K

Card table byte_map: [0x0000000011c90000,0x0000000011fa0000] byte_map_base: 0x0000000011790000

Marking Bits: (ParMarkBitMap*) 0x0000000052729f30
 Begin Bits: [0x00000000125a0000, 0x0000000013da0000)
 End Bits:   [0x0000000013da0000, 0x00000000155a0000)

Polling page: 0x0000000000e60000

CodeCache: size=245760Kb used=82046Kb max_used=82094Kb free=163713Kb
 bounds [0x00000000028d0000, 0x00000000079f0000, 0x00000000118d0000]
 total_blobs=22887 nmethods=21829 adapters=969
 compilation: enabled

Compilation events (10 events):
Event: 12129.277 Thread 0x000000001624b800 nmethod 28884 0x0000000004382750 code [0x0000000004382920, 0x0000000004382fc8]
Event: 12129.394 Thread 0x000000001624b800 28885       3       com.android.tools.r8.ir.code.h::L1 (40 bytes)
Event: 12129.395 Thread 0x000000001624b800 nmethod 28885 0x000000000331d750 code [0x000000000331d940, 0x000000000331e528]
Event: 12129.396 Thread 0x000000001624b800 28886       3       com.android.tools.r8.ir.code.Cmp::k (2 bytes)
Event: 12129.396 Thread 0x000000001624b800 nmethod 28886 0x0000000006904510 code [0x0000000006904660, 0x00000000069047b0]
Event: 12129.424 Thread 0x000000001624b800 28887       3       com.android.tools.r8.ir.conversion.IRBuilder::f (24 bytes)
Event: 12129.425 Thread 0x000000001624b800 nmethod 28887 0x0000000003157b10 code [0x0000000003157ca0, 0x0000000003157f28]
Event: 12129.896 Thread 0x0000000016239800 nmethod 28867 0x00000000079d27d0 code [0x00000000079d33e0, 0x00000000079daee8]
Event: 12130.029 Thread 0x0000000016239800 28880       4       com.android.tools.r8.ir.conversion.N::getCanonicalDebugPositionAtOffset (109 bytes)
Event: 12130.074 Thread 0x0000000016239800 nmethod 28880 0x00000000064aef50 code [0x00000000064af120, 0x00000000064af9d8]

GC Heap History (10 events):
Event: 9601.447 GC heap before
{Heap before GC invocations=32 (full 6):
 PSYoungGen      total 413696K, used 32243K [0x00000000e0000000, 0x00000000ff000000, 0x0000000100000000)
  eden space 381440K, 0% used [0x00000000e0000000,0x00000000e0000000,0x00000000f7480000)
  from space 32256K, 99% used [0x00000000f9f80000,0x00000000fbefcd58,0x00000000fbf00000)
  to   space 44032K, 0% used [0x00000000f7480000,0x00000000f7480000,0x00000000f9f80000)
 ParOldGen       total 82944K, used 71158K [0x00000000a0000000, 0x00000000a5100000, 0x00000000e0000000)
  object space 82944K, 85% used [0x00000000a0000000,0x00000000a457dbe0,0x00000000a5100000)
 Metaspace       used 104577K, capacity 111006K, committed 111192K, reserved 1146880K
  class space    used 13530K, capacity 14605K, committed 14680K, reserved 1048576K
Event: 9611.850 GC heap after
Heap after GC invocations=32 (full 6):
 PSYoungGen      total 413696K, used 14799K [0x00000000e0000000, 0x00000000ff000000, 0x0000000100000000)
  eden space 381440K, 0% used [0x00000000e0000000,0x00000000e0000000,0x00000000f7480000)
  from space 32256K, 45% used [0x00000000f9f80000,0x00000000fadf3d98,0x00000000fbf00000)
  to   space 44032K, 0% used [0x00000000f7480000,0x00000000f7480000,0x00000000f9f80000)
 ParOldGen       total 156160K, used 82876K [0x00000000a0000000, 0x00000000a9880000, 0x00000000e0000000)
  object space 156160K, 53% used [0x00000000a0000000,0x00000000a50ef0d0,0x00000000a9880000)
 Metaspace       used 103522K, capacity 108970K, committed 111192K, reserved 1146880K
  class space    used 13285K, capacity 14228K, committed 14680K, reserved 1048576K
}
Event: 10463.697 GC heap before
{Heap before GC invocations=33 (full 6):
 PSYoungGen      total 413696K, used 396239K [0x00000000e0000000, 0x00000000ff000000, 0x0000000100000000)
  eden space 381440K, 100% used [0x00000000e0000000,0x00000000f7480000,0x00000000f7480000)
  from space 32256K, 45% used [0x00000000f9f80000,0x00000000fadf3d98,0x00000000fbf00000)
  to   space 44032K, 0% used [0x00000000f7480000,0x00000000f7480000,0x00000000f9f80000)
 ParOldGen       total 156160K, used 82876K [0x00000000a0000000, 0x00000000a9880000, 0x00000000e0000000)
  object space 156160K, 53% used [0x00000000a0000000,0x00000000a50ef0d0,0x00000000a9880000)
 Metaspace       used 105335K, capacity 111172K, committed 111704K, reserved 1146880K
  class space    used 13527K, capacity 14532K, committed 14680K, reserved 1048576K
Event: 10465.245 GC heap after
Heap after GC invocations=33 (full 6):
 PSYoungGen      total 425472K, used 26567K [0x00000000e0000000, 0x0000000100000000, 0x0000000100000000)
  eden space 381440K, 0% used [0x00000000e0000000,0x00000000e0000000,0x00000000f7480000)
  from space 44032K, 60% used [0x00000000f7480000,0x00000000f8e71ea0,0x00000000f9f80000)
  to   space 44544K, 0% used [0x00000000fd480000,0x00000000fd480000,0x0000000100000000)
 ParOldGen       total 156160K, used 82884K [0x00000000a0000000, 0x00000000a9880000, 0x00000000e0000000)
  object space 156160K, 53% used [0x00000000a0000000,0x00000000a50f10d0,0x00000000a9880000)
 Metaspace       used 105335K, capacity 111172K, committed 111704K, reserved 1146880K
  class space    used 13527K, capacity 14532K, committed 14680K, reserved 1048576K
}
Event: 10565.428 GC heap before
{Heap before GC invocations=34 (full 6):
 PSYoungGen      total 425472K, used 408007K [0x00000000e0000000, 0x0000000100000000, 0x0000000100000000)
  eden space 381440K, 100% used [0x00000000e0000000,0x00000000f7480000,0x00000000f7480000)
  from space 44032K, 60% used [0x00000000f7480000,0x00000000f8e71ea0,0x00000000f9f80000)
  to   space 44544K, 0% used [0x00000000fd480000,0x00000000fd480000,0x0000000100000000)
 ParOldGen       total 156160K, used 82884K [0x00000000a0000000, 0x00000000a9880000, 0x00000000e0000000)
  object space 156160K, 53% used [0x00000000a0000000,0x00000000a50f10d0,0x00000000a9880000)
 Metaspace       used 111572K, capacity 118848K, committed 119128K, reserved 1153024K
  class space    used 14372K, capacity 15599K, committed 15704K, reserved 1048576K
Event: 10566.694 GC heap after
Heap after GC invocations=34 (full 6):
 PSYoungGen      total 467456K, used 42515K [0x00000000e0000000, 0x0000000100000000, 0x0000000100000000)
  eden space 422912K, 0% used [0x00000000e0000000,0x00000000e0000000,0x00000000f9d00000)
  from space 44544K, 95% used [0x00000000fd480000,0x00000000ffe04c28,0x0000000100000000)
  to   space 50688K, 0% used [0x00000000f9d00000,0x00000000f9d00000,0x00000000fce80000)
 ParOldGen       total 156160K, used 82892K [0x00000000a0000000, 0x00000000a9880000, 0x00000000e0000000)
  object space 156160K, 53% used [0x00000000a0000000,0x00000000a50f30d0,0x00000000a9880000)
 Metaspace       used 111572K, capacity 118848K, committed 119128K, reserved 1153024K
  class space    used 14372K, capacity 15599K, committed 15704K, reserved 1048576K
}
Event: 12003.723 GC heap before
{Heap before GC invocations=35 (full 6):
 PSYoungGen      total 467456K, used 465427K [0x00000000e0000000, 0x0000000100000000, 0x0000000100000000)
  eden space 422912K, 100% used [0x00000000e0000000,0x00000000f9d00000,0x00000000f9d00000)
  from space 44544K, 95% used [0x00000000fd480000,0x00000000ffe04c28,0x0000000100000000)
  to   space 50688K, 0% used [0x00000000f9d00000,0x00000000f9d00000,0x00000000fce80000)
 ParOldGen       total 156160K, used 82892K [0x00000000a0000000, 0x00000000a9880000, 0x00000000e0000000)
  object space 156160K, 53% used [0x00000000a0000000,0x00000000a50f30d0,0x00000000a9880000)
 Metaspace       used 112189K, capacity 119596K, committed 119896K, reserved 1153024K
  class space    used 14414K, capacity 15648K, committed 15704K, reserved 1048576K
Event: 12009.821 GC heap after
Heap after GC invocations=35 (full 6):
 PSYoungGen      total 467456K, used 44133K [0x00000000e0000000, 0x0000000100000000, 0x0000000100000000)
  eden space 422912K, 0% used [0x00000000e0000000,0x00000000e0000000,0x00000000f9d00000)
  from space 44544K, 99% used [0x00000000f9d00000,0x00000000fc819580,0x00000000fc880000)
  to   space 56320K, 0% used [0x00000000fc900000,0x00000000fc900000,0x0000000100000000)
 ParOldGen       total 156160K, used 83020K [0x00000000a0000000, 0x00000000a9880000, 0x00000000e0000000)
  object space 156160K, 53% used [0x00000000a0000000,0x00000000a51130d0,0x00000000a9880000)
 Metaspace       used 112189K, capacity 119596K, committed 119896K, reserved 1153024K
  class space    used 14414K, capacity 15648K, committed 15704K, reserved 1048576K
}
Event: 12083.590 GC heap before
{Heap before GC invocations=36 (full 6):
 PSYoungGen      total 467456K, used 467045K [0x00000000e0000000, 0x0000000100000000, 0x0000000100000000)
  eden space 422912K, 100% used [0x00000000e0000000,0x00000000f9d00000,0x00000000f9d00000)
  from space 44544K, 99% used [0x00000000f9d00000,0x00000000fc819580,0x00000000fc880000)
  to   space 56320K, 0% used [0x00000000fc900000,0x00000000fc900000,0x0000000100000000)
 ParOldGen       total 156160K, used 83020K [0x00000000a0000000, 0x00000000a9880000, 0x00000000e0000000)
  object space 156160K, 53% used [0x00000000a0000000,0x00000000a51130d0,0x00000000a9880000)
 Metaspace       used 113688K, capacity 121274K, committed 121560K, reserved 1155072K
  class space    used 14509K, capacity 15781K, committed 15832K, reserved 1048576K
Event: 12090.851 GC heap after
Heap after GC invocations=36 (full 6):
 PSYoungGen      total 458752K, used 45072K [0x00000000e0000000, 0x0000000100000000, 0x0000000100000000)
  eden space 402432K, 0% used [0x00000000e0000000,0x00000000e0000000,0x00000000f8900000)
  from space 56320K, 80% used [0x00000000fc900000,0x00000000ff5043f8,0x0000000100000000)
  to   space 60928K, 0% used [0x00000000f8900000,0x00000000f8900000,0x00000000fc480000)
 ParOldGen       total 156160K, used 83068K [0x00000000a0000000, 0x00000000a9880000, 0x00000000e0000000)
  object space 156160K, 53% used [0x00000000a0000000,0x00000000a511f0d0,0x00000000a9880000)
 Metaspace       used 113688K, capacity 121274K, committed 121560K, reserved 1155072K
  class space    used 14509K, capacity 15781K, committed 15832K, reserved 1048576K
}

Deoptimization events (10 events):
Event: 12117.740 Thread 0x000000001b71f800 Uncommon trap: reason=class_check action=maybe_recompile pc=0x000000000788f4a4 method=com.android.tools.r8.ir.conversion.N.b(Lcom/android/tools/r8/ir/conversion/IRBuilder;)V @ 539
Event: 12117.764 Thread 0x000000001b71f800 Uncommon trap: reason=class_check action=maybe_recompile pc=0x000000000776ef9c method=com.android.tools.r8.ir.conversion.N.a(Lcom/android/tools/r8/t/a/a/G/a;Lcom/android/tools/r8/ir/conversion/IRBuilder;)V @ 814
Event: 12117.765 Thread 0x000000001b71f800 Uncommon trap: reason=class_check action=maybe_recompile pc=0x000000000776ef9c method=com.android.tools.r8.ir.conversion.N.a(Lcom/android/tools/r8/t/a/a/G/a;Lcom/android/tools/r8/ir/conversion/IRBuilder;)V @ 814
Event: 12117.765 Thread 0x000000001b71f800 Uncommon trap: reason=class_check action=maybe_recompile pc=0x000000000776ef9c method=com.android.tools.r8.ir.conversion.N.a(Lcom/android/tools/r8/t/a/a/G/a;Lcom/android/tools/r8/ir/conversion/IRBuilder;)V @ 814
Event: 12118.790 Thread 0x000000001b71f800 Uncommon trap: reason=class_check action=maybe_recompile pc=0x000000000788f4a4 method=com.android.tools.r8.ir.conversion.N.b(Lcom/android/tools/r8/ir/conversion/IRBuilder;)V @ 539
Event: 12119.199 Thread 0x000000001b71f800 Uncommon trap: reason=class_check action=maybe_recompile pc=0x000000000788f4a4 method=com.android.tools.r8.ir.conversion.N.b(Lcom/android/tools/r8/ir/conversion/IRBuilder;)V @ 539
Event: 12121.720 Thread 0x000000001b71f800 Uncommon trap: reason=unstable_if action=reinterpret pc=0x0000000004a39960 method=com.android.tools.r8.n.a.a.a.g.B0.a(ILjava/lang/Object;)Ljava/lang/Object; @ 95
Event: 12122.686 Thread 0x000000001b71f800 Uncommon trap: reason=class_check action=maybe_recompile pc=0x0000000007862790 method=com.android.tools.r8.ir.conversion.N.b(Lcom/android/tools/r8/ir/conversion/IRBuilder;)V @ 539
Event: 12123.287 Thread 0x000000001b71f800 Uncommon trap: reason=bimorphic action=maybe_recompile pc=0x000000000790be64 method=com.android.tools.r8.ir.regalloc.LinearScanRegisterAllocator.a(Lcom/android/tools/r8/ir/regalloc/LinearScanRegisterAllocator$a;Z)Lcom/android/tools/r8/ir/regalloc/LinearSc
Event: 12124.287 Thread 0x000000001b71f800 Uncommon trap: reason=unstable_if action=reinterpret pc=0x0000000006100bd8 method=com.android.tools.r8.n.a.a.a.g.j.equals(Ljava/lang/Object;)Z @ 33

Classes redefined (0 events):
No events

Internal exceptions (10 events):
Event: 12066.003 Thread 0x000000001c5ce000 Exception <a 'sun/nio/fs/WindowsException'> (0x00000000f1885310) thrown at [D:\src\AOSP-openjdk-cygwin\jdk8u\hotspot\src\share\vm\prims\jni.cpp, line 710]
Event: 12067.978 Thread 0x000000001c5ce000 Exception <a 'sun/nio/fs/WindowsException'> (0x00000000f3dfe738) thrown at [D:\src\AOSP-openjdk-cygwin\jdk8u\hotspot\src\share\vm\prims\jni.cpp, line 710]
Event: 12068.004 Thread 0x000000001c5ce000 Exception <a 'sun/nio/fs/WindowsException'> (0x00000000f3e04b78) thrown at [D:\src\AOSP-openjdk-cygwin\jdk8u\hotspot\src\share\vm\prims\jni.cpp, line 710]
Event: 12068.033 Thread 0x000000001c5ce000 Exception <a 'sun/nio/fs/WindowsException'> (0x00000000f3e0a8e8) thrown at [D:\src\AOSP-openjdk-cygwin\jdk8u\hotspot\src\share\vm\prims\jni.cpp, line 710]
Event: 12068.073 Thread 0x000000001c5ce000 Exception <a 'sun/nio/fs/WindowsException'> (0x00000000f3e14bc8) thrown at [D:\src\AOSP-openjdk-cygwin\jdk8u\hotspot\src\share\vm\prims\jni.cpp, line 710]
Event: 12068.102 Thread 0x000000001c5ce000 Exception <a 'sun/nio/fs/WindowsException'> (0x00000000f479a008) thrown at [D:\src\AOSP-openjdk-cygwin\jdk8u\hotspot\src\share\vm\prims\jni.cpp, line 710]
Event: 12068.108 Thread 0x000000001c5ce000 Exception <a 'sun/nio/fs/WindowsException'> (0x00000000f47a2120) thrown at [D:\src\AOSP-openjdk-cygwin\jdk8u\hotspot\src\share\vm\prims\jni.cpp, line 710]
Event: 12068.123 Thread 0x000000001c5ce000 Exception <a 'sun/nio/fs/WindowsException'> (0x00000000f47a7e60) thrown at [D:\src\AOSP-openjdk-cygwin\jdk8u\hotspot\src\share\vm\prims\jni.cpp, line 710]
Event: 12068.507 Thread 0x000000001c5ce000 Exception <a 'sun/nio/fs/WindowsException'> (0x00000000f47b44d0) thrown at [D:\src\AOSP-openjdk-cygwin\jdk8u\hotspot\src\share\vm\prims\jni.cpp, line 710]
Event: 12068.520 Thread 0x000000001c5ce000 Exception <a 'sun/nio/fs/WindowsException'> (0x00000000f47ba8d0) thrown at [D:\src\AOSP-openjdk-cygwin\jdk8u\hotspot\src\share\vm\prims\jni.cpp, line 710]

Events (10 events):
Event: 12128.729 Thread 0x000000001b71f800 DEOPT UNPACKING pc=0x00000000029175d0 sp=0x000000001a418b38 mode 0
Event: 12128.940 Thread 0x000000001b71f800 DEOPT PACKING pc=0x00000000072c6ecd sp=0x000000001a418ab0
Event: 12128.942 Thread 0x000000001b71f800 DEOPT UNPACKING pc=0x00000000029175d0 sp=0x000000001a4188d8 mode 0
Event: 12129.899 Thread 0x0000000016239800 flushing nmethod 0x00000000029e0d90
Event: 12129.932 Thread 0x0000000016239800 flushing nmethod 0x0000000002abaa50
Event: 12129.969 Thread 0x0000000016239800 flushing nmethod 0x0000000002b7f110
Event: 12129.972 Thread 0x0000000016239800 flushing nmethod 0x0000000002b95150
Event: 12130.007 Thread 0x0000000016239800 flushing nmethod 0x0000000002c0d0d0
Event: 12130.078 Thread 0x0000000016239800 flushing nmethod 0x0000000002c4aad0
Event: 12130.099 Thread 0x0000000016239800 flushing nmethod 0x0000000002d247d0


Dynamic libraries:
0x00007ff6248d0000 - 0x00007ff624901000 	D:\New folder\android studio\jre\bin\java.exe
0x00007ffdc5e60000 - 0x00007ffdc6050000 	C:\WINDOWS\SYSTEM32\ntdll.dll
0x00007ffdc4210000 - 0x00007ffdc42c2000 	C:\WINDOWS\System32\KERNEL32.DLL
0x00007ffdc3c60000 - 0x00007ffdc3f03000 	C:\WINDOWS\System32\KERNELBASE.dll
0x00007ffdc4e20000 - 0x00007ffdc4ec3000 	C:\WINDOWS\System32\ADVAPI32.dll
0x00007ffdc4170000 - 0x00007ffdc420e000 	C:\WINDOWS\System32\msvcrt.dll
0x00007ffdc3f40000 - 0x00007ffdc3fd7000 	C:\WINDOWS\System32\sechost.dll
0x00007ffdc43a0000 - 0x00007ffdc44c0000 	C:\WINDOWS\System32\RPCRT4.dll
0x00007ffdc5c80000 - 0x00007ffdc5e14000 	C:\WINDOWS\System32\USER32.dll
0x00007ffdc2df0000 - 0x00007ffdc2e11000 	C:\WINDOWS\System32\win32u.dll
0x00007ffdc45a0000 - 0x00007ffdc45c6000 	C:\WINDOWS\System32\GDI32.dll
0x00007ffdc3970000 - 0x00007ffdc3b04000 	C:\WINDOWS\System32\gdi32full.dll
0x00007ffdc3b40000 - 0x00007ffdc3bde000 	C:\WINDOWS\System32\msvcp_win.dll
0x00007ffdc2e80000 - 0x00007ffdc2f7a000 	C:\WINDOWS\System32\ucrtbase.dll
0x00007ffda43c0000 - 0x00007ffda4645000 	C:\WINDOWS\WinSxS\amd64_microsoft.windows.common-controls_6595b64144ccf1df_6.0.18362.720_none_e6beb5c51314836b\COMCTL32.dll
0x00007ffdc49a0000 - 0x00007ffdc4cd6000 	C:\WINDOWS\System32\combase.dll
0x00007ffdc3be0000 - 0x00007ffdc3c60000 	C:\WINDOWS\System32\bcryptPrimitives.dll
0x00007ffdc3f10000 - 0x00007ffdc3f3e000 	C:\WINDOWS\System32\IMM32.DLL
0x0000000051e80000 - 0x0000000051f52000 	D:\New folder\android studio\jre\jre\bin\msvcr100.dll
0x0000000051f60000 - 0x00000000527a6000 	D:\New folder\android studio\jre\jre\bin\server\jvm.dll
0x00007ffdc4ce0000 - 0x00007ffdc4ce8000 	C:\WINDOWS\System32\PSAPI.DLL
0x00007ffdb7480000 - 0x00007ffdb748a000 	C:\WINDOWS\SYSTEM32\VERSION.dll
0x00007ffdbf9e0000 - 0x00007ffdbfa04000 	C:\WINDOWS\SYSTEM32\WINMM.dll
0x00007ffdb75b0000 - 0x00007ffdb75b9000 	C:\WINDOWS\SYSTEM32\WSOCK32.dll
0x00007ffdc4920000 - 0x00007ffdc498f000 	C:\WINDOWS\System32\WS2_32.dll
0x00007ffdbf9b0000 - 0x00007ffdbf9dd000 	C:\WINDOWS\SYSTEM32\WINMMBASE.dll
0x00007ffdc37d0000 - 0x00007ffdc381a000 	C:\WINDOWS\System32\cfgmgr32.dll
0x00007ffdaeae0000 - 0x00007ffdaeaef000 	D:\New folder\android studio\jre\jre\bin\verify.dll
0x00007ffd99000000 - 0x00007ffd99029000 	D:\New folder\android studio\jre\jre\bin\java.dll
0x00007ffda1f80000 - 0x00007ffda1f96000 	D:\New folder\android studio\jre\jre\bin\zip.dll
0x00007ffdc50b0000 - 0x00007ffdc5795000 	C:\WINDOWS\System32\SHELL32.dll
0x00007ffdc4870000 - 0x00007ffdc4919000 	C:\WINDOWS\System32\shcore.dll
0x00007ffdc3050000 - 0x00007ffdc37d0000 	C:\WINDOWS\System32\windows.storage.dll
0x00007ffdc2da0000 - 0x00007ffdc2dc3000 	C:\WINDOWS\System32\profapi.dll
0x00007ffdc2d30000 - 0x00007ffdc2d7a000 	C:\WINDOWS\System32\powrprof.dll
0x00007ffdc2d20000 - 0x00007ffdc2d30000 	C:\WINDOWS\System32\UMPDC.dll
0x00007ffdc4110000 - 0x00007ffdc4162000 	C:\WINDOWS\System32\shlwapi.dll
0x00007ffdc2d80000 - 0x00007ffdc2d91000 	C:\WINDOWS\System32\kernel.appcore.dll
0x00007ffdc3030000 - 0x00007ffdc3047000 	C:\WINDOWS\System32\cryptsp.dll
0x00007ffda1500000 - 0x00007ffda151a000 	D:\New folder\android studio\jre\jre\bin\net.dll
0x00007ffdc2530000 - 0x00007ffdc2597000 	C:\WINDOWS\system32\mswsock.dll
0x00007ffd9f390000 - 0x00007ffd9f3a1000 	D:\New folder\android studio\jre\jre\bin\nio.dll
0x00007ffdaea80000 - 0x00007ffdaeaa6000 	C:\Users\bs\.gradle\native\29\windows-amd64\native-platform.dll
0x00007ffdaea20000 - 0x00007ffdaea2d000 	D:\New folder\android studio\jre\jre\bin\management.dll
0x00007ffdc20a0000 - 0x00007ffdc20d3000 	C:\WINDOWS\system32\rsaenh.dll
0x00007ffdc3b10000 - 0x00007ffdc3b36000 	C:\WINDOWS\System32\bcrypt.dll
0x00007ffdc2c40000 - 0x00007ffdc2c65000 	C:\WINDOWS\SYSTEM32\USERENV.dll
0x00007ffdc2700000 - 0x00007ffdc270c000 	C:\WINDOWS\SYSTEM32\CRYPTBASE.dll
0x00007ffdc2240000 - 0x00007ffdc227a000 	C:\WINDOWS\SYSTEM32\IPHLPAPI.DLL
0x00007ffdc5080000 - 0x00007ffdc5088000 	C:\WINDOWS\System32\NSI.dll
0x00007ffdb40f0000 - 0x00007ffdb4106000 	C:\WINDOWS\SYSTEM32\dhcpcsvc6.DLL
0x00007ffdb4630000 - 0x00007ffdb464c000 	C:\WINDOWS\SYSTEM32\dhcpcsvc.DLL
0x00007ffdc2280000 - 0x00007ffdc234a000 	C:\WINDOWS\SYSTEM32\DNSAPI.dll
0x00007ffdb5ce0000 - 0x00007ffdb5cfe000 	C:\Users\bs\AppData\Local\Temp\native-platform1449585897331734914dir\native-platform.dll
0x00007ffd8d1f0000 - 0x00007ffd8d38c000 	D:\New folder\android studio\jre\jre\bin\awt.dll
0x00007ffdc42d0000 - 0x00007ffdc4394000 	C:\WINDOWS\System32\OLEAUT32.dll
0x00007ffdc14c0000 - 0x00007ffdc14ed000 	C:\WINDOWS\SYSTEM32\dwmapi.dll
0x00007ffdbfae0000 - 0x00007ffdc00a0000 	C:\WINDOWS\SYSTEM32\d2d1.dll
0x00007ffdc0ed0000 - 0x00007ffdc0f5f000 	C:\WINDOWS\SYSTEM32\apphelp.dll
0x00007ffdc10a0000 - 0x00007ffdc1139000 	C:\WINDOWS\system32\uxtheme.dll
0x00007ffdaf740000 - 0x00007ffdaf764000 	D:\New folder\android studio\jre\jre\bin\sunec.dll
0x00007ffda96b0000 - 0x00007ffda96ba000 	C:\Windows\System32\rasadhlp.dll
0x00007ffdb3020000 - 0x00007ffdb3097000 	C:\WINDOWS\System32\fwpuclnt.dll
0x00007ffdbf5a0000 - 0x00007ffdbf5ab000 	D:\New folder\android studio\jre\jre\bin\sunmscapi.dll
0x00007ffdc3820000 - 0x00007ffdc3969000 	C:\WINDOWS\System32\CRYPT32.dll
0x00007ffdc2dd0000 - 0x00007ffdc2de2000 	C:\WINDOWS\System32\MSASN1.dll

VM Arguments:
jvm_args: -Xmx1536m -Dfile.encoding=windows-1252 -Duser.country=US -Duser.language=en -Duser.variant 
java_command: org.gradle.launcher.daemon.bootstrap.GradleDaemon 5.4.1
java_class_path (initial): C:\Users\bs\.gradle\wrapper\dists\gradle-5.4.1-all\3221gyojl5jsh0helicew7rwx\gradle-5.4.1\lib\gradle-launcher-5.4.1.jar
Launcher Type: SUN_STANDARD

Environment Variables:
JAVA_HOME=C:\Program Files\Java\jdk-13.0.2
PATH=C:\WINDOWS\system32;C:\WINDOWS;C:\WINDOWS\System32\Wbem;C:\WINDOWS\System32\WindowsPowerShell\v1.0\;F:\New folder;C:\WINDOWS\System32\OpenSSH\;C:\Users\bs\AppData\Roaming\Microsoft\Windows\Start Menu\Programs\Python 3.8;C:\Users\bs\AppData\Local\Programs\Python\Python38-32\Scripts\;C:\Users\bs\AppData\Local\Programs\Python\Python38-32\;C:\Users\bs\Anaconda3;C:\Users\bs\Anaconda3\Library\mingw-w64\bin;C:\Users\bs\Anaconda3\Library\usr\bin;C:\Users\bs\Anaconda3\Library\bin;C:\Users\bs\Anaconda3\Scripts;F:\New folder;C:\Users\bs\AppData\Local\Microsoft\WindowsApps;C:\Users\bs\AppData\Roaming\Microsoft\Windows\Start Menu\Programs\Python 3.8;
USERNAME=bs
OS=Windows_NT
PROCESSOR_IDENTIFIER=Intel64 Family 6 Model 142 Stepping 9, GenuineIntel



---------------  S Y S T E M  ---------------

OS: Windows 10.0 , 64 bit Build 18362 (10.0.18362.329)

CPU:total 4 (initial active 4) (2 cores per cpu, 2 threads per core) family 6 model 142 stepping 9, cmov, cx8, fxsr, mmx, sse, sse2, sse3, ssse3, sse4.1, sse4.2, popcnt, avx, avx2, aes, clmul, erms, 3dnowpref, lzcnt, ht, tsc, tscinvbit, bmi1, bmi2, adx

Memory: 4k page, physical 4070776k(31048k free), swap 13507960k(3188k free)

vm_info: OpenJDK 64-Bit Server VM (25.202-b03) for windows-amd64 JRE (1.8.0_202-release-1483-b03), built by "builder" with MS VC++ 10.0 (VS2010)

time: Sun Apr 19 10:49:31 2020
timezone: Pacific Daylight Time
elapsed time: 12130 seconds (0d 3h 22m 10s)

